{"level":"\u001b[32minfo\u001b[39m","message":"\u001b[32mTesting logging\u001b[39m","timestamp":"2025-04-08 06:26:37.962 AM"}
{"level":"\u001b[32minfo\u001b[39m","message":"\u001b[32mTesting logging\u001b[39m","timestamp":"2025-04-08 06:26:47.904 AM"}
{"level":"\u001b[32minfo\u001b[39m","message":"\u001b[32mTesting logging\u001b[39m","timestamp":"2025-04-08 06:34:21.879 AM"}
{"level":"info","message":"Testing logging","timestamp":"2025-04-08 03:52:48.319 PM"}
{"level":"info","message":"Testing logging","timestamp":"2025-04-08 03:54:11.099 PM"}
{"level":"info","message":"Testing logging","timestamp":"2025-04-08 03:55:01.493 PM"}
{"level":"info","message":"App started","timestamp":"2025-04-08 03:55:57.598 PM"}
{"level":"http","message":"GET /avatar.png 304 - - 12.159 ms","timestamp":"2025-04-08 10:48:47.202 PM"}
{"level":"error","message":"Error: queryTxt ETIMEOUT cluster0.o617c.mongodb.net on DB connection","timestamp":"2025-04-14 12:20:04.021 AM"}
{"level":"error","message":"Error: querySrv ETIMEOUT _mongodb._tcp.cluster0.o617c.mongodb.net on DB connection","timestamp":"2025-04-14 06:01:09.883 PM"}
{"level":"error","message":"Error: querySrv ETIMEOUT _mongodb._tcp.cluster0.o617c.mongodb.net on DB connection","timestamp":"2025-04-15 11:49:54.429 AM"}
{"level":"error","message":"Error: queryTxt ETIMEOUT cluster0.o617c.mongodb.net on DB connection","timestamp":"2025-04-15 03:59:44.201 PM"}
{"level":"error","message":"Error: Could not connect to any servers in your MongoDB Atlas cluster. One common reason is that you're trying to access the database from an IP that isn't whitelisted. Make sure your current IP address is on your Atlas cluster's IP whitelist: https://www.mongodb.com/docs/atlas/security-whitelist/ on DB connection","timestamp":"2025-04-15 04:07:48.232 PM"}
{"level":"error","message":"Error: The `uri` parameter to `openUri()` must be a string, got \"undefined\". Make sure the first parameter to `mongoose.connect()` or `mongoose.createConnection()` is a string. on DB connection","timestamp":"2025-04-15 04:19:23.764 PM"}
{"level":"error","message":"Error: The `uri` parameter to `openUri()` must be a string, got \"undefined\". Make sure the first parameter to `mongoose.connect()` or `mongoose.createConnection()` is a string. on DB connection","timestamp":"2025-04-15 04:21:10.032 PM"}
{"level":"error","message":"Error: querySrv ETIMEOUT _mongodb._tcp.cluster0.o617c.mongodb.net on DB connection","timestamp":"2025-04-16 05:26:11.716 AM"}
{"level":"error","message":"Error: querySrv ECONNREFUSED _mongodb._tcp.cluster0.o617c.mongodb.net on DB connection","timestamp":"2025-04-16 05:59:40.178 AM"}
{"level":"error","message":"Error: querySrv ETIMEOUT _mongodb._tcp.cluster0.o617c.mongodb.net on DB connection","timestamp":"2025-04-16 05:59:52.304 AM"}
{"level":"error","message":"Error: querySrv ETIMEOUT _mongodb._tcp.cluster0.o617c.mongodb.net on DB connection","timestamp":"2025-04-16 06:46:45.231 AM"}
{"level":"error","message":"Error: querySrv ETIMEOUT _mongodb._tcp.cluster0.o617c.mongodb.net on DB connection","timestamp":"2025-04-17 03:58:27.734 PM"}
{"level":"error","message":"Error: querySrv ECONNREFUSED _mongodb._tcp.cluster0.o617c.mongodb.net on DB connection","timestamp":"2025-04-18 06:08:13.497 AM"}
{"level":"error","message":"Error: querySrv ECONNREFUSED _mongodb._tcp.cluster0.o617c.mongodb.net on DB connection","timestamp":"2025-04-18 06:08:29.603 AM"}
{"level":"error","message":"Error: queryTxt ETIMEOUT cluster0.o617c.mongodb.net on DB connection","timestamp":"2025-04-20 05:20:32.994 PM"}
{"level":"error","message":"Error: Could not connect to any servers in your MongoDB Atlas cluster. One common reason is that you're trying to access the database from an IP that isn't whitelisted. Make sure your current IP address is on your Atlas cluster's IP whitelist: https://www.mongodb.com/docs/atlas/security-whitelist/ on DB connection","timestamp":"2025-04-23 08:15:14.367 AM"}
{"level":"error","message":"Error: Could not connect to any servers in your MongoDB Atlas cluster. One common reason is that you're trying to access the database from an IP that isn't whitelisted. Make sure your current IP address is on your Atlas cluster's IP whitelist: https://www.mongodb.com/docs/atlas/security-whitelist/ on DB connection","timestamp":"2025-04-23 08:15:46.319 AM"}
{"level":"error","message":"Error: Could not connect to any servers in your MongoDB Atlas cluster. One common reason is that you're trying to access the database from an IP that isn't whitelisted. Make sure your current IP address is on your Atlas cluster's IP whitelist: https://www.mongodb.com/docs/atlas/security-whitelist/ on DB connection","timestamp":"2025-04-23 10:24:46.245 AM"}
{"level":"error","message":"Error: Could not connect to any servers in your MongoDB Atlas cluster. One common reason is that you're trying to access the database from an IP that isn't whitelisted. Make sure your current IP address is on your Atlas cluster's IP whitelist: https://www.mongodb.com/docs/atlas/security-whitelist/ on DB connection","timestamp":"2025-04-23 10:26:28.802 AM"}
{"level":"error","message":"Error: Could not connect to any servers in your MongoDB Atlas cluster. One common reason is that you're trying to access the database from an IP that isn't whitelisted. Make sure your current IP address is on your Atlas cluster's IP whitelist: https://www.mongodb.com/docs/atlas/security-whitelist/ on DB connection","timestamp":"2025-04-23 10:27:26.756 AM"}
{"level":"error","message":"Error: Socket 'secureConnect' timed out after 30181ms (connectTimeoutMS: 30000) for user okiri@gmail.com on signup","timestamp":"2025-04-23 10:27:56.928 AM"}
{"level":"error","message":"Error: Could not connect to any servers in your MongoDB Atlas cluster. One common reason is that you're trying to access the database from an IP that isn't whitelisted. Make sure your current IP address is on your Atlas cluster's IP whitelist: https://www.mongodb.com/docs/atlas/security-whitelist/ on DB connection","timestamp":"2025-04-23 10:28:50.509 AM"}
{"level":"error","message":"Error: Could not connect to any servers in your MongoDB Atlas cluster. One common reason is that you're trying to access the database from an IP that isn't whitelisted. Make sure your current IP address is on your Atlas cluster's IP whitelist: https://www.mongodb.com/docs/atlas/security-whitelist/ on DB connection","timestamp":"2025-04-23 10:29:52.362 AM"}
{"level":"error","message":"Error: Could not connect to any servers in your MongoDB Atlas cluster. One common reason is that you're trying to access the database from an IP that isn't whitelisted. Make sure your current IP address is on your Atlas cluster's IP whitelist: https://www.mongodb.com/docs/atlas/security-whitelist/ on DB connection","timestamp":"2025-04-23 10:29:52.510 AM"}
{"level":"error","message":"Error: Operation `users.findOne()` buffering timed out after 10000ms for user okiri@gmail.com on signup","timestamp":"2025-04-23 10:30:02.670 AM"}
{"level":"error","message":"Error: Operation `users.findOne()` buffering timed out after 10000ms for user okiri@gmail.com on login","timestamp":"2025-04-23 10:30:13.226 AM"}
{"level":"http","message":"GET / 200 464 - 13.754 ms","timestamp":"2025-04-24 09:19:56.830 AM"}
{"level":"http","message":"GET /assets/index-yVd9WYlS.js 200 344161 - 3.414 ms","timestamp":"2025-04-24 09:19:57.028 AM"}
{"level":"http","message":"GET /assets/index-UfLYnLaU.css 200 43695 - 3.017 ms","timestamp":"2025-04-24 09:19:57.084 AM"}
{"level":"http","message":"GET /api/auth/check 401 46 - 5.358 ms","timestamp":"2025-04-24 09:19:59.193 AM"}
{"level":"http","message":"GET /vite.svg 200 1497 - 2.029 ms","timestamp":"2025-04-24 09:19:59.894 AM"}
{"level":"http","message":"GET /profile 200 464 - 150.275 ms","timestamp":"2025-04-24 01:15:49.396 PM"}
{"level":"http","message":"GET /api/auth/check 401 46 - 12.847 ms","timestamp":"2025-04-24 01:15:53.385 PM"}
{"level":"error","message":"Error: querySrv ECONNREFUSED _mongodb._tcp.cluster0.ua95yiq.mongodb.net on DB connection","timestamp":"2025-04-25 07:37:40.931 AM"}
{"level":"error","message":"Error: querySrv ECONNREFUSED _mongodb._tcp.cluster0.ua95yiq.mongodb.net on DB connection","timestamp":"2025-04-25 07:38:53.243 AM"}
{"level":"error","message":"Error: Cannot populate path `rooms` because it is not in your schema. Set the `strictPopulate` option to false to override. for user diamondshq_ukpe@gmail.com on getting sidebar","timestamp":"2025-05-01 12:38:39.492 PM"}
{"level":"error","message":"Error: Cannot populate path `Room` because it is not in your schema. Set the `strictPopulate` option to false to override. for user diamondshq_ukpe@gmail.com on getting sidebar","timestamp":"2025-05-01 12:40:24.833 PM"}
{"level":"error","message":"Error: Cannot populate path `Room` because it is not in your schema. Set the `strictPopulate` option to false to override. for user diamondshq_ukpe@gmail.com on getting sidebar","timestamp":"2025-05-01 12:40:35.041 PM"}
{"level":"error","message":"Error: Cannot populate path `Room` because it is not in your schema. Set the `strictPopulate` option to false to override. for user diamondshq_ukpe@gmail.com on getting sidebar","timestamp":"2025-05-01 12:43:52.294 PM"}
{"level":"error","message":"Error: Cannot populate path `Room` because it is not in your schema. Set the `strictPopulate` option to false to override. for user diamondshq_ukpe@gmail.com on getting sidebar","timestamp":"2025-05-01 12:44:50.200 PM"}
{"level":"error","message":"Error: Query.prototype.exec() no longer accepts a callback for user diamondshq_ukpe@gmail.com on getting sidebar","timestamp":"2025-05-01 12:48:46.624 PM"}
{"level":"error","message":"Error: Query.prototype.exec() no longer accepts a callback for user diamondshq_ukpe@gmail.com on getting sidebar","timestamp":"2025-05-01 12:48:58.187 PM"}
{"level":"error","message":"Error: Query.prototype.exec() no longer accepts a callback for user diamondshq_ukpe@gmail.com on getting sidebar","timestamp":"2025-05-01 12:49:23.084 PM"}
{"level":"error","message":"Error: Cannot populate path `IdRoom` because it is not in your schema. Set the `strictPopulate` option to false to override. for user diamondshq_ukpe@gmail.com on getting sidebar","timestamp":"2025-05-01 12:53:29.382 PM"}
{"level":"error","message":"Error: Cannot populate path `IdRoom` because it is not in your schema. Set the `strictPopulate` option to false to override. for user diamondshq_ukpe@gmail.com on getting sidebar","timestamp":"2025-05-01 12:53:35.513 PM"}
{"level":"error","message":"Error: Cannot populate path `IdRoom` because it is not in your schema. Set the `strictPopulate` option to false to override. for user diamondshq_ukpe@gmail.com on getting sidebar","timestamp":"2025-05-01 12:54:11.733 PM"}
{"level":"error","message":"Error: Cannot populate path `IdRoom` because it is not in your schema. Set the `strictPopulate` option to false to override. for user diamondshq_ukpe@gmail.com on getting sidebar","timestamp":"2025-05-01 12:54:15.701 PM"}
{"level":"error","message":"Error: Cannot populate path `IdRoom` because it is not in your schema. Set the `strictPopulate` option to false to override. for user diamondshq_ukpe@gmail.com on getting sidebar","timestamp":"2025-05-01 12:54:20.172 PM"}
{"level":"error","message":"Error: rooms is not iterable for user diamondshq_ukpe@gmail.com on getting sidebar","timestamp":"2025-05-01 12:59:09.784 PM"}
{"level":"error","message":"Error: roomObject is not iterable for user diamondshq_ukpe@gmail.com on getting sidebar","timestamp":"2025-05-02 05:24:11.522 AM"}
{"level":"error","message":"Error: roomObject is not iterable for user diamondshq_ukpe@gmail.com on getting sidebar","timestamp":"2025-05-02 05:24:14.887 AM"}
{"level":"error","message":"Error: roomObject is not iterable for user diamondshq_ukpe@gmail.com on getting sidebar","timestamp":"2025-05-02 05:24:40.831 AM"}
{"level":"error","message":"Error: roomObject is not iterable for user diamondshq_ukpe@gmail.com on getting sidebar","timestamp":"2025-05-02 05:25:25.565 AM"}
{"level":"error","message":"Error: roomObject is not iterable for user diamondshq_ukpe@gmail.com on getting sidebar","timestamp":"2025-05-02 05:26:05.476 AM"}
{"level":"error","message":"Error: Cast to ObjectId failed for value \"undefined\" (type string) at path \"senderId\" for model \"Message\" for user ekpe@gmail.com on Get Message controller","timestamp":"2025-05-02 05:29:38.840 AM"}
{"level":"error","message":"Error: roomObject is not defined for user diamondshq_ukpe@gmail.com on getting sidebar","timestamp":"2025-05-02 05:40:09.188 AM"}
{"level":"error","message":"Error: roomObject is not defined for user diamondshq_ukpe@gmail.com on getting sidebar","timestamp":"2025-05-02 05:40:26.733 AM"}
{"level":"error","message":"Error: userRooms.id is not iterable for user ekpe@gmail.com on getting sidebar","timestamp":"2025-05-02 07:17:37.189 AM"}
{"level":"error","message":"Error: userRooms.id is not iterable for user ekpe@gmail.com on getting sidebar","timestamp":"2025-05-02 07:17:37.785 AM"}
{"level":"error","message":"Error: userRooms.id is not iterable for user ekpe@gmail.com on getting sidebar","timestamp":"2025-05-02 01:16:05.909 PM"}
{"level":"error","message":"Error: userRooms.id is not iterable for user ekpe@gmail.com on getting sidebar","timestamp":"2025-05-02 01:16:06.653 PM"}
{"level":"error","message":"Error: Cannot read properties of undefined (reading 'idRoom') for user diamondshq_ukpe@gmail.com on getting sidebar","timestamp":"2025-05-02 01:19:18.015 PM"}
{"level":"error","message":"Error: Cannot read properties of undefined (reading 'idRoom') for user diamondshq_ukpe@gmail.com on getting sidebar","timestamp":"2025-05-02 01:19:38.919 PM"}
{"level":"error","message":"Error: Cannot read properties of undefined (reading 'idRoom') for user ekpe@gmail.com on getting sidebar","timestamp":"2025-05-02 01:26:12.020 PM"}
{"level":"error","message":"Error: Cannot read properties of undefined (reading 'idRoom') for user ekpe@gmail.com on getting sidebar","timestamp":"2025-05-02 01:26:12.574 PM"}
{"level":"error","message":"Error: Cannot read properties of undefined (reading 'idRoom') for user johndoe@gmail.com on getting sidebar","timestamp":"2025-05-02 01:26:40.312 PM"}
{"level":"error","message":"Error: Cannot read properties of undefined (reading 'idRoom') for user johndoe@gmail.com on getting sidebar","timestamp":"2025-05-02 01:26:40.872 PM"}
{"level":"error","message":"Error: Cannot read properties of undefined (reading 'idRoom') for user johndoe@gmail.com on getting sidebar","timestamp":"2025-05-02 01:27:29.865 PM"}
{"level":"error","message":"Error: Cannot read properties of undefined (reading 'idRoom') for user johndoe@gmail.com on getting sidebar","timestamp":"2025-05-02 01:27:30.403 PM"}
{"level":"error","message":"Error: Cannot read properties of undefined (reading 'idRoom') for user johndoe@gmail.com on getting sidebar","timestamp":"2025-05-02 01:28:15.511 PM"}
{"level":"error","message":"Error: Cannot read properties of undefined (reading 'idRoom') for user johndoe@gmail.com on getting sidebar","timestamp":"2025-05-02 01:28:16.060 PM"}
{"level":"error","message":"Error: Cannot read properties of undefined (reading 'idRoom') for user johndoe@gmail.com on getting sidebar","timestamp":"2025-05-02 01:29:16.323 PM"}
{"level":"error","message":"Error: Cannot read properties of undefined (reading 'idRoom') for user johndoe@gmail.com on getting sidebar","timestamp":"2025-05-02 01:29:34.565 PM"}
{"level":"error","message":"Error: Cannot read properties of undefined (reading 'idRoom') for user johndoe@gmail.com on getting sidebar","timestamp":"2025-05-02 01:29:35.183 PM"}
{"level":"error","message":"Error: Cannot read properties of undefined (reading 'idRoom') for user johndoe@gmail.com on getting sidebar","timestamp":"2025-05-02 01:30:48.152 PM"}
{"level":"error","message":"Error: Cannot read properties of undefined (reading 'idRoom') for user johndoe@gmail.com on getting sidebar","timestamp":"2025-05-02 01:30:48.692 PM"}
{"level":"error","message":"Error: Cannot read properties of undefined (reading 'idRoom') for user johndoe@gmail.com on getting sidebar","timestamp":"2025-05-02 01:31:14.816 PM"}
{"level":"error","message":"Error: Cannot read properties of undefined (reading 'idRoom') for user johndoe@gmail.com on getting sidebar","timestamp":"2025-05-02 01:31:15.342 PM"}
{"level":"error","message":"Error: Cannot read properties of undefined (reading 'idRoom') for user johndoe@gmail.com on getting sidebar","timestamp":"2025-05-02 01:31:33.592 PM"}
{"level":"error","message":"Error: Cannot read properties of undefined (reading 'idRoom') for user johndoe@gmail.com on getting sidebar","timestamp":"2025-05-02 01:31:34.142 PM"}
{"level":"error","message":"Error: Cannot read properties of undefined (reading 'idRoom') for user johndoe@gmail.com on getting sidebar","timestamp":"2025-05-02 01:32:09.381 PM"}
{"level":"error","message":"Error: Cannot read properties of undefined (reading 'idRoom') for user johndoe@gmail.com on getting sidebar","timestamp":"2025-05-02 01:32:14.089 PM"}
{"level":"error","message":"Error: Cannot read properties of undefined (reading 'idRoom') for user johndoe@gmail.com on getting sidebar","timestamp":"2025-05-02 01:32:22.181 PM"}
{"level":"error","message":"Error: Cannot read properties of undefined (reading 'idRoom') for user johndoe@gmail.com on getting sidebar","timestamp":"2025-05-02 01:32:22.723 PM"}
{"level":"error","message":"Error: Cannot read properties of undefined (reading 'idRoom') for user johndoe@gmail.com on getting sidebar","timestamp":"2025-05-02 01:34:20.250 PM"}
{"level":"error","message":"Error: Cannot read properties of undefined (reading 'idRoom') for user johndoe@gmail.com on getting sidebar","timestamp":"2025-05-02 01:34:20.778 PM"}
{"level":"error","message":"Error: querySrv ECONNREFUSED _mongodb._tcp.cluster0.ua95yiq.mongodb.net on DB connection","timestamp":"2025-05-03 07:49:42.404 AM"}
{"level":"error","message":"Error: querySrv ECONNREFUSED _mongodb._tcp.cluster0.ua95yiq.mongodb.net on DB connection","timestamp":"2025-05-03 07:51:59.455 AM"}
{"level":"error","message":"Error: Cast to ObjectId failed for value \"room\" (type string) at path \"senderId\" for model \"Message\" for user diamondshq_ukpe@gmail.com on Get Message controller","timestamp":"2025-05-03 06:39:07.248 PM"}
{"level":"error","message":"Error: Cast to ObjectId failed for value \"room\" (type string) at path \"senderId\" for model \"Message\" for user diamondshq_ukpe@gmail.com on Get Message controller","timestamp":"2025-05-03 06:40:08.425 PM"}
{"level":"error","message":"Error: Cast to ObjectId failed for value \"room\" (type string) at path \"senderId\" for model \"Message\" for user diamondshq_ukpe@gmail.com on Get Message controller","timestamp":"2025-05-03 06:40:52.660 PM"}
{"level":"error","message":"Error: Cast to ObjectId failed for value \"room\" (type string) at path \"senderId\" for model \"Message\" for user diamondshq_ukpe@gmail.com on Get Message controller","timestamp":"2025-05-03 06:41:45.726 PM"}
{"level":"error","message":"Error: Cast to ObjectId failed for value \"room\" (type string) at path \"senderId\" for model \"Message\" for user diamondshq_ukpe@gmail.com on Get Message controller","timestamp":"2025-05-03 06:42:19.876 PM"}
{"level":"error","message":"Error: Cast to ObjectId failed for value \"room\" (type string) at path \"senderId\" for model \"Message\" for user diamondshq_ukpe@gmail.com on Get Message controller","timestamp":"2025-05-03 06:43:54.052 PM"}
{"level":"error","message":"Error: Cast to ObjectId failed for value \"room\" (type string) at path \"senderId\" for model \"Message\" for user diamondshq_ukpe@gmail.com on Get Message controller","timestamp":"2025-05-03 06:43:57.661 PM"}
{"level":"error","message":"Error: Cast to ObjectId failed for value \"rooms\" (type string) at path \"senderId\" for model \"Message\" for user diamondshq_ukpe@gmail.com on Get Message controller","timestamp":"2025-05-03 06:45:57.457 PM"}
{"level":"error","message":"Error: Cast to ObjectId failed for value \"rooms\" (type string) at path \"senderId\" for model \"Message\" for user diamondshq_ukpe@gmail.com on Get Message controller","timestamp":"2025-05-03 06:46:00.757 PM"}
{"level":"error","message":"Error: Cast to ObjectId failed for value \"rooms\" (type string) at path \"senderId\" for model \"Message\" for user diamondshq_ukpe@gmail.com on Get Message controller","timestamp":"2025-05-03 06:47:11.722 PM"}
{"level":"error","message":"Error: Cast to ObjectId failed for value \"rooms\" (type string) at path \"senderId\" for model \"Message\" for user diamondshq_ukpe@gmail.com on Get Message controller","timestamp":"2025-05-03 06:50:33.719 PM"}
{"level":"error","message":"Error: Cast to ObjectId failed for value \"rooms\" (type string) at path \"senderId\" for model \"Message\" for user diamondshq_ukpe@gmail.com on Get Message controller","timestamp":"2025-05-03 06:50:37.982 PM"}
{"level":"error","message":"Error: Cast to ObjectId failed for value \"roomss\" (type string) at path \"senderId\" for model \"Message\" for user diamondshq_ukpe@gmail.com on Get Message controller","timestamp":"2025-05-03 06:52:39.892 PM"}
{"level":"error","message":"Error: Cast to ObjectId failed for value \"rooms\" (type string) at path \"senderId\" for model \"Message\" for user diamondshq_ukpe@gmail.com on Get Message controller","timestamp":"2025-05-03 06:52:57.166 PM"}
{"level":"error","message":"Error: Cast to ObjectId failed for value \"rooms\" (type string) at path \"senderId\" for model \"Message\" for user diamondshq_ukpe@gmail.com on Get Message controller","timestamp":"2025-05-03 06:53:52.015 PM"}
{"level":"error","message":"Error: Cast to ObjectId failed for value \"rooms\" (type string) at path \"senderId\" for model \"Message\" for user diamondshq_ukpe@gmail.com on Get Message controller","timestamp":"2025-05-03 06:55:50.768 PM"}
{"level":"error","message":"Error: Cast to ObjectId failed for value \"rooms\" (type string) at path \"senderId\" for model \"Message\" for user diamondshq_ukpe@gmail.com on Get Message controller","timestamp":"2025-05-03 06:57:30.857 PM"}
{"level":"error","message":"Error: Cast to ObjectId failed for value \"rooms\" (type string) at path \"senderId\" for model \"Message\" for user diamondshq_ukpe@gmail.com on Get Message controller","timestamp":"2025-05-03 06:57:35.180 PM"}
{"level":"error","message":"Error: Cast to ObjectId failed for value \"rooms\" (type string) at path \"senderId\" for model \"Message\" for user diamondshq_ukpe@gmail.com on Get Message controller","timestamp":"2025-05-03 06:57:41.285 PM"}
{"level":"error","message":"Error: Cast to ObjectId failed for value \"rooms\" (type string) at path \"senderId\" for model \"Message\" for user diamondshq_ukpe@gmail.com on Get Message controller","timestamp":"2025-05-03 06:58:47.093 PM"}
{"level":"error","message":"Error: Cast to ObjectId failed for value \"roomss\" (type string) at path \"senderId\" for model \"Message\" for user diamondshq_ukpe@gmail.com on Get Message controller","timestamp":"2025-05-03 06:59:01.286 PM"}
{"level":"error","message":"Error: Cast to ObjectId failed for value \"roomss\" (type string) at path \"senderId\" for model \"Message\" for user diamondshq_ukpe@gmail.com on Get Message controller","timestamp":"2025-05-03 06:59:24.442 PM"}
{"level":"error","message":"Error: Cast to ObjectId failed for value \"rooms\" (type string) at path \"senderId\" for model \"Message\" for user diamondshq_ukpe@gmail.com on Get Message controller","timestamp":"2025-05-03 06:59:31.962 PM"}
{"level":"error","message":"Error: Cast to ObjectId failed for value \"rooms\" (type string) at path \"senderId\" for model \"Message\" for user diamondshq_ukpe@gmail.com on Get Message controller","timestamp":"2025-05-03 07:02:04.616 PM"}
{"level":"error","message":"Error: Cast to ObjectId failed for value \"rooms\" (type string) at path \"senderId\" for model \"Message\" for user diamondshq_ukpe@gmail.com on Get Message controller","timestamp":"2025-05-03 07:02:25.001 PM"}
{"level":"error","message":"Error: Cast to ObjectId failed for value \"rooms\" (type string) at path \"senderId\" for model \"Message\" for user diamondshq_ukpe@gmail.com on Get Message controller","timestamp":"2025-05-03 07:05:37.356 PM"}
{"level":"error","message":"Error: Cast to ObjectId failed for value \"rooms\" (type string) at path \"senderId\" for model \"Message\" for user diamondshq_ukpe@gmail.com on Get Message controller","timestamp":"2025-05-03 07:06:21.323 PM"}
{"level":"error","message":"Error: Cast to ObjectId failed for value \"rooms\" (type string) at path \"senderId\" for model \"Message\" for user diamondshq_ukpe@gmail.com on Get Message controller","timestamp":"2025-05-03 07:06:23.743 PM"}
{"level":"error","message":"Error: Cast to ObjectId failed for value \"rooms\" (type string) at path \"senderId\" for model \"Message\" for user diamondshq_ukpe@gmail.com on Get Message controller","timestamp":"2025-05-03 07:11:37.125 PM"}
{"level":"error","message":"Error: Cast to ObjectId failed for value \"rooms\" (type string) at path \"senderId\" for model \"Message\" for user diamondshq_ukpe@gmail.com on Get Message controller","timestamp":"2025-05-03 07:11:40.155 PM"}
{"level":"error","message":"Error: Cast to ObjectId failed for value \"rooms\" (type string) at path \"senderId\" for model \"Message\" for user diamondshq_ukpe@gmail.com on Get Message controller","timestamp":"2025-05-03 10:04:09.775 PM"}
{"level":"error","message":"Error: Cast to ObjectId failed for value \"rooms\" (type string) at path \"senderId\" for model \"Message\" for user diamondshq_ukpe@gmail.com on Get Message controller","timestamp":"2025-05-03 10:07:39.348 PM"}
{"level":"error","message":"Error: Cast to ObjectId failed for value \"rooms\" (type string) at path \"senderId\" for model \"Message\" for user diamondshq_ukpe@gmail.com on Get Message controller","timestamp":"2025-05-03 10:09:26.670 PM"}
{"level":"error","message":"Error: Cast to ObjectId failed for value \"rooms\" (type string) at path \"senderId\" for model \"Message\" for user diamondshq_ukpe@gmail.com on Get Message controller","timestamp":"2025-05-03 10:11:54.534 PM"}
{"level":"error","message":"Error: Cast to ObjectId failed for value \"rooms\" (type string) at path \"senderId\" for model \"Message\" for user diamondshq_ukpe@gmail.com on Get Message controller","timestamp":"2025-05-03 10:12:00.164 PM"}
{"level":"error","message":"Error: Cast to ObjectId failed for value \"rooms\" (type string) at path \"senderId\" for model \"Message\" for user diamondshq_ukpe@gmail.com on Get Message controller","timestamp":"2025-05-03 10:15:15.566 PM"}
{"level":"error","message":"Error: Cast to ObjectId failed for value \"rooms\" (type string) at path \"senderId\" for model \"Message\" for user diamondshq_ukpe@gmail.com on Get Message controller","timestamp":"2025-05-04 05:45:38.176 PM"}
{"level":"error","message":"Error: Cast to ObjectId failed for value \"rooms\" (type string) at path \"senderId\" for model \"Message\" for user diamondshq_ukpe@gmail.com on Get Message controller","timestamp":"2025-05-04 05:45:43.880 PM"}
{"level":"error","message":"Error: querySrv ECONNREFUSED _mongodb._tcp.cluster0.ua95yiq.mongodb.net on DB connection","timestamp":"2025-05-09 05:17:34.457 PM"}
{"level":"error","message":"Error: Operation `users.findOne()` buffering timed out after 10000ms for user diamnondshq_ukpe@gmail.com on login","timestamp":"2025-05-09 05:47:24.624 PM"}
{"level":"error","message":"Error: Operation `users.findOne()` buffering timed out after 10000ms for user diamondshq_ukpe@gmail.com on login","timestamp":"2025-05-09 05:47:38.171 PM"}
{"level":"error","message":"Error: Operation `users.findOne()` buffering timed out after 10000ms for user diamondshq_ukpe@gmail.com on login","timestamp":"2025-05-09 05:48:04.126 PM"}
{"level":"error","message":"Error: Operation `users.findOne()` buffering timed out after 10000ms for user diamondshq_ukpe@gmail.com on login","timestamp":"2025-05-09 05:48:33.222 PM"}
{"level":"error","message":"Error: read ECONNRESET for user johndoe@gmail.com on login","timestamp":"2025-05-10 08:37:05.528 PM"}
{"level":"error","message":"Error: querySrv ECONNREFUSED _mongodb._tcp.cluster0.ua95yiq.mongodb.net on DB connection","timestamp":"2025-05-10 09:07:26.920 PM"}
{"level":"error","message":"Error: querySrv ECONNREFUSED _mongodb._tcp.cluster0.ua95yiq.mongodb.net on DB connection","timestamp":"2025-05-10 09:13:01.228 PM"}
{"level":"error","message":"Error: Illegal arguments: undefined, string for user diamondshq_ukpe@gmail.com on login","timestamp":"2025-05-10 09:20:12.940 PM"}
{"level":"error","message":"Error: Illegal arguments: undefined, string for user diamondshq_ukpe@gmail.com on login","timestamp":"2025-05-10 09:20:59.376 PM"}
{"level":"error","message":"Error: Cast to ObjectId failed for value \":6814e3a7c49d95c5fea655e1\" (type string) at path \"receiverId\" for model \"Message\" for get messages for Room :6814e3a7c49d95c5fea655e1 on Get Message controller","timestamp":"2025-05-10 09:27:11.700 PM"}
{"level":"error","message":"Error: Cast to ObjectId failed for value \":6814e3a7c49d95c5fea655e1\" (type string) at path \"receiverId\" for model \"Message\" for get messages for Room :6814e3a7c49d95c5fea655e1 on Get Message controller","timestamp":"2025-05-10 09:27:39.842 PM"}
{"level":"error","message":"Error: Cast to ObjectId failed for value \":6814e3a7c49d95c5fea655e1\" (type string) at path \"receiverId\" for model \"Message\" for get messages for Room :6814e3a7c49d95c5fea655e1 on Get Message controller","timestamp":"2025-05-10 09:28:24.923 PM"}
{"level":"error","message":"Error: Cast to ObjectId failed for value \":6814e3a7c49d95c5fea655e1\" (type string) at path \"receiverId\" for model \"Message\" for get messages for Room :6814e3a7c49d95c5fea655e1 on Get Message controller","timestamp":"2025-05-10 09:29:04.865 PM"}
{"level":"error","message":"Error: Cast to ObjectId failed for value \":6814e3a7c49d95c5fea655e1\" (type string) at path \"receiverId\" for model \"Message\" for get messages for Room :6814e3a7c49d95c5fea655e1 on Get Message controller","timestamp":"2025-05-10 09:29:07.725 PM"}
{"level":"error","message":"Error: Cast to ObjectId failed for value \":\" (type string) at path \"receiverId\" for model \"Message\" for get messages for Room : on Get Message controller","timestamp":"2025-05-10 09:29:57.227 PM"}
{"level":"error","message":"Error: Cast to ObjectId failed for value \"room\" (type string) at path \"senderId\" for model \"Message\" for user diamondshq_ukpe@gmail.com on Get Message controller","timestamp":"2025-05-10 09:30:40.782 PM"}
{"level":"error","message":"Error: Cast to ObjectId failed for value \"room\" (type string) at path \"senderId\" for model \"Message\" for user diamondshq_ukpe@gmail.com on Get Message controller","timestamp":"2025-05-10 09:31:41.661 PM"}
{"level":"error","message":"Error: Cast to ObjectId failed for value \"room\" (type string) at path \"senderId\" for model \"Message\" for user diamondshq_ukpe@gmail.com on Get Message controller","timestamp":"2025-05-10 09:31:55.157 PM"}
{"level":"error","message":"Error: Cast to ObjectId failed for value \":6814e3a7c49d95c5fea655e1\" (type string) at path \"receiverId\" for model \"Message\" for get messages for Room :6814e3a7c49d95c5fea655e1 on Get Message controller","timestamp":"2025-05-10 09:35:44.572 PM"}
{"level":"error","message":"Error: Cast to ObjectId failed for value \":6814e3a7c49d95c5fea655e1\" (type string) at path \"receiverId\" for model \"Message\" for get messages for Room :6814e3a7c49d95c5fea655e1 on Get Message controller","timestamp":"2025-05-10 09:35:47.668 PM"}
{"level":"error","message":"Error: querySrv ETIMEOUT _mongodb._tcp.cluster0.ua95yiq.mongodb.net on DB connection","timestamp":"2025-05-10 09:36:50.967 PM"}
{"level":"error","message":"Error in adding new User: undefined to Room: Room.findOne({ _id: '6814e3a7c49d95c5fea655e1' })","timestamp":"2025-05-13 05:43:27.818 PM"}
{"level":"error","message":"Error in adding new User: undefined to Room: Room.findOne({ _id: '6814e3a7c49d95c5fea655e1' })","timestamp":"2025-05-13 08:55:48.191 PM"}
{"level":"error","message":"Error in adding new User: undefined to Room: Room.findOne({ _id: '6814e3a7c49d95c5fea655e1' })","timestamp":"2025-05-13 08:56:16.856 PM"}
{"level":"error","message":"Error in adding new User: undefined to Room: Room.findOne({ _id: '6814e3a7c49d95c5fea655e1' })","timestamp":"2025-05-13 08:58:39.536 PM"}
{"level":"error","message":"Error in adding new User: undefined to Room: Room.findOne({ _id: '6814e3a7c49d95c5fea655e1' })","timestamp":"2025-05-13 08:59:23.772 PM"}
{"level":"error","message":"Error in adding new User: undefined to Room: Room.findOne({ _id: '6814e3a7c49d95c5fea655e1' })","timestamp":"2025-05-13 09:01:41.947 PM"}
{"level":"error","message":"Error in adding new User: undefined to Room: Room.findOne({ _id: '6814e3a7c49d95c5fea655e1' })","timestamp":"2025-05-13 09:03:26.585 PM"}
{"level":"error","message":"Error in adding new User: undefined to Room: undefined","timestamp":"2025-05-13 09:11:00.617 PM"}
{"level":"error","message":"Error: querySrv ECONNREFUSED _mongodb._tcp.cluster0.ua95yiq.mongodb.net on DB connection","timestamp":"2025-05-15 10:53:49.697 AM"}
